This file contains any messages produced by compilers while
running configure, to aid debugging if configure makes a mistake.

It was created by configure, which was
generated by GNU Autoconf 2.72.  Invocation command line was

  $ /run/media/avboy/9e4b17d7-a9ed-4cee-90f7-e8b4e511c8c1/opt/netcat-0.7.1/configure

## --------- ##
## Platform. ##
## --------- ##

hostname = manjaro
uname -m = x86_64
uname -r = 6.9.12-1-MANJARO
uname -s = Linux
uname -v = #1 SMP PREEMPT_DYNAMIC Sat Jul 27 14:46:06 UTC 2024

/usr/bin/uname -p = unknown
/bin/uname -X     = unknown

/bin/arch              = unknown
/usr/bin/arch -k       = unknown
/usr/convex/getsysinfo = unknown
/usr/bin/hostinfo      = unknown
/bin/machine           = unknown
/usr/bin/oslevel       = unknown
/bin/universe          = unknown

PATH: /home/avboy/.local/bin/
PATH: /usr/local/bin/
PATH: /usr/bin/
PATH: /bin/
PATH: /usr/local/sbin/
PATH: /opt/android-ndk/
PATH: /opt/android-sdk/tools/
PATH: /opt/android-sdk/tools/bin/
PATH: /usr/lib/jvm/default/bin/
PATH: /usr/bin/site_perl/
PATH: /usr/bin/vendor_perl/
PATH: /usr/bin/core_perl/
PATH: /home/avboy/.local/share/JetBrains/Toolbox/apps/clion/bin/ninja/linux/x64/


## ----------- ##
## Core tests. ##
## ----------- ##

configure:2575: looking for aux files: compile missing install-sh config.guess config.sub
configure:2588:  trying /run/media/avboy/9e4b17d7-a9ed-4cee-90f7-e8b4e511c8c1/opt/netcat-0.7.1/
configure:2617:   /run/media/avboy/9e4b17d7-a9ed-4cee-90f7-e8b4e511c8c1/opt/netcat-0.7.1/compile found
configure:2617:   /run/media/avboy/9e4b17d7-a9ed-4cee-90f7-e8b4e511c8c1/opt/netcat-0.7.1/missing found
configure:2599:   /run/media/avboy/9e4b17d7-a9ed-4cee-90f7-e8b4e511c8c1/opt/netcat-0.7.1/install-sh found
configure:2617:   /run/media/avboy/9e4b17d7-a9ed-4cee-90f7-e8b4e511c8c1/opt/netcat-0.7.1/config.guess found
configure:2617:   /run/media/avboy/9e4b17d7-a9ed-4cee-90f7-e8b4e511c8c1/opt/netcat-0.7.1/config.sub found
configure:2737: checking build system type
configure:2753: result: x86_64-pc-linux-gnu
configure:2773: checking host system type
configure:2788: result: x86_64-pc-linux-gnu
configure:2808: checking target system type
configure:2823: result: x86_64-pc-linux-gnu
configure:2868: checking for a BSD-compatible install
configure:2942: result: /usr/bin/install -c
configure:2953: checking whether sleep supports fractional seconds
configure:2969: result: yes
configure:2972: checking filesystem timestamp resolution
configure:3107: result: 0.01
configure:3112: checking whether build environment is sane
configure:3153: result: yes
configure:3324: checking for a race-free mkdir -p
configure:3367: result: /usr/bin/mkdir -p
configure:3374: checking for gawk
configure:3395: found /usr/bin/gawk
configure:3407: result: gawk
configure:3418: checking whether make sets $(MAKE)
configure:3442: result: yes
configure:3468: checking whether make supports nested variables
configure:3487: result: yes
configure:3501: checking xargs -n works
configure:3517: result: yes
configure:3534: error: source directory already configured; run "make distclean" there first

## ---------------- ##
## Cache variables. ##
## ---------------- ##

ac_cv_build=x86_64-pc-linux-gnu
ac_cv_env_CC_set=
ac_cv_env_CC_value=
ac_cv_env_CFLAGS_set=
ac_cv_env_CFLAGS_value=
ac_cv_env_CPPFLAGS_set=
ac_cv_env_CPPFLAGS_value=
ac_cv_env_CPP_set=
ac_cv_env_CPP_value=
ac_cv_env_LDFLAGS_set=
ac_cv_env_LDFLAGS_value=
ac_cv_env_LIBS_set=
ac_cv_env_LIBS_value=
ac_cv_env_build_alias_set=
ac_cv_env_build_alias_value=
ac_cv_env_host_alias_set=
ac_cv_env_host_alias_value=
ac_cv_env_target_alias_set=
ac_cv_env_target_alias_value=
ac_cv_host=x86_64-pc-linux-gnu
ac_cv_path_install='/usr/bin/install -c'
ac_cv_path_mkdir=/usr/bin/mkdir
ac_cv_prog_AWK=gawk
ac_cv_prog_make_make_set=yes
ac_cv_target=x86_64-pc-linux-gnu
am_cv_filesystem_timestamp_resolution=0.01
am_cv_make_support_nested_variables=yes
am_cv_sleep_fractional_seconds=yes
am_cv_xargs_n_works=yes

## ----------------- ##
## Output variables. ##
## ----------------- ##

ACLOCAL=''
ALLOCA=''
AMDEPBACKSLASH=''
AMDEP_FALSE=''
AMDEP_TRUE=''
AMTAR=''
AM_BACKSLASH='\'
AM_DEFAULT_V=''
AM_DEFAULT_VERBOSITY='1'
AM_V=''
AUTOCONF=''
AUTOHEADER=''
AUTOMAKE=''
AWK='gawk'
CC=''
CCDEPMODE=''
CFLAGS=''
CONTRIBLIBS=''
CPP=''
CPPFLAGS=''
CSCOPE=''
CTAGS=''
CYGPATH_W=''
DEFS=''
DEPDIR=''
ECHO_C=''
ECHO_N='-n'
ECHO_T=''
EGREP=''
ETAGS=''
EXEEXT=''
GLIBC21=''
GMSGFMT=''
GREP=''
INSTALL_DATA='${INSTALL} -m 644'
INSTALL_PROGRAM='${INSTALL}'
INSTALL_SCRIPT='${INSTALL}'
INSTALL_STRIP_PROGRAM='$(install_sh) -c -s'
INTLBISON=''
INTLLIBS=''
LDFLAGS=''
LIBICONV=''
LIBINTL=''
LIBOBJS=''
LIBS=''
LTLIBICONV=''
LTLIBINTL=''
LTLIBOBJS=''
MAKEINFO=''
MKDIR_P='/usr/bin/mkdir -p'
MKINSTALLDIRS=''
MSGFMT=''
MSGMERGE=''
NEED_GETOPT_FALSE=''
NEED_GETOPT_TRUE=''
OBJEXT=''
PACKAGE=''
PACKAGE_BUGREPORT=''
PACKAGE_NAME=''
PACKAGE_STRING=''
PACKAGE_TARNAME=''
PACKAGE_URL=''
PACKAGE_VERSION=''
PATH_SEPARATOR=':'
PERL=''
POD2MAN=''
POSUB=''
RANLIB=''
SET_MAKE=''
SHELL='/bin/sh'
STRIP=''
USE_NLS=''
VERSION=''
XGETTEXT=''
ac_ct_CC=''
all_includes=''
all_libraries=''
am__EXEEXT_FALSE=''
am__EXEEXT_TRUE=''
am__fastdepCC_FALSE=''
am__fastdepCC_TRUE=''
am__include=''
am__isrc=' -I$(srcdir)'
am__leading_dot='.'
am__nodep=''
am__quote=''
am__rm_f_notfound=''
am__tar=''
am__untar=''
am__xargs_n='xargs -n'
bindir='${exec_prefix}/bin'
build='x86_64-pc-linux-gnu'
build_alias=''
build_cpu='x86_64'
build_os='linux-gnu'
build_vendor='pc'
datadir='${datarootdir}'
datarootdir='${prefix}/share'
docdir='${datarootdir}/doc/${PACKAGE}'
dvidir='${docdir}'
exec_prefix='NONE'
host='x86_64-pc-linux-gnu'
host_alias=''
host_cpu='x86_64'
host_os='linux-gnu'
host_vendor='pc'
htmldir='${docdir}'
includedir='${prefix}/include'
infodir='${datarootdir}/info'
install_sh='${SHELL} /run/media/avboy/9e4b17d7-a9ed-4cee-90f7-e8b4e511c8c1/opt/netcat-0.7.1/install-sh'
libdir='${exec_prefix}/lib'
libexecdir='${exec_prefix}/libexec'
localedir='${datarootdir}/locale'
localstatedir='${prefix}/var'
mandir='${datarootdir}/man'
mkdir_p=''
oldincludedir='/usr/include'
pdfdir='${docdir}'
prefix='NONE'
program_transform_name='s,x,x,'
psdir='${docdir}'
runstatedir='${localstatedir}/run'
sbindir='${exec_prefix}/sbin'
sharedstatedir='${prefix}/com'
sysconfdir='${prefix}/etc'
target='x86_64-pc-linux-gnu'
target_alias=''
target_cpu='x86_64'
target_os='linux-gnu'
target_vendor='pc'

## ----------- ##
## confdefs.h. ##
## ----------- ##

/* confdefs.h */
#define PACKAGE_NAME ""
#define PACKAGE_TARNAME ""
#define PACKAGE_VERSION ""
#define PACKAGE_STRING ""
#define PACKAGE_BUGREPORT ""
#define PACKAGE_URL ""

configure: exit 1
